<?xml version="1.0" encoding="utf-8"?><testsuites name="pytest tests"><testsuite name="pytest" errors="0" failures="0" skipped="0" tests="22" time="3.678" timestamp="2026-08-31T11:30:27.159371+00:00" hostname="agent-env-0312243a-f032-458b-ab69-9e3f955b9575"><testcase classname="tests.backend_test.TestDnsLookup" name="test_lookup_flaviu_dev_full_report" time="0.717" /><testcase classname="tests.backend_test.TestAuthVerify" name="test_valid_key" time="0.339" /><testcase classname="tests.backend_test.TestAuthVerify" name="test_valid_key_with_dashes_and_spaces" time="0.071" /><testcase classname="tests.backend_test.TestAuthVerify" name="test_wrong_key" time="0.106" /><testcase classname="tests.backend_test.TestAuthVerify" name="test_empty_key" time="0.067" /><testcase classname="tests.backend_test.TestAuthVerify" name="test_case_sensitivity" time="0.069" /><testcase classname="tests.backend_test.TestAuthVerify" name="test_missing_field_validation" time="0.065" /><testcase classname="tests.backend_test.TestDnsLookup" name="test_lookup_includes_ns_soa_a_txt_data" time="0.506" /><testcase classname="tests.backend_test.TestImapSync" name="test_imap_test_connection_bad_credentials" time="0.142" /><testcase classname="tests.backend_test.TestImapSync" name="test_start_returns_job_id_and_status_ends_in_error" time="0.134" /><testcase classname="tests.backend_test.TestImapSync" name="test_status_unknown_job" time="0.064" /><testcase classname="tests.backend_test.TestImapSync" name="test_cancel_unknown_job" time="0.064" /><testcase classname="tests.backend_test.TestImapSync" name="test_start_missing_fields_validation" time="0.070" /><testcase classname="tests.backend_test.TestHealth" name="test_root" time="0.069" /><testcase classname="tests.backend_test.TestDnsLookup" name="test_url_is_normalized" time="0.584" /><testcase classname="tests.backend_test.TestDnsLookup" name="test_invalid_domain_returns_friendly_error[notadomain]" time="0.057" /><testcase classname="tests.backend_test.TestDnsLookup" name="test_invalid_domain_returns_friendly_error[]" time="0.056" /><testcase classname="tests.backend_test.TestDnsLookup" name="test_invalid_domain_returns_friendly_error[   ]" time="0.057" /><testcase classname="tests.backend_test.TestDnsLookup" name="test_invalid_domain_returns_friendly_error[http://]" time="0.058" /><testcase classname="tests.backend_test.TestDnsLookup" name="test_nonexistent_domain_does_not_crash" time="0.261" /><testcase classname="tests.backend_test.TestDnsLookup" name="test_missing_field_validation" time="0.058" /><testcase classname="tests.backend_test.TestDnsLookup" name="test_no_mongo_object_id_leak" time="0.469" /></testsuite></testsuites>